<?xml version="1.0" encoding="UTF-8"?>
<robot generator="Robot 6.1.1 (Python 3.11.4 on win32)" generated="20230929 12:28:26.442" rpa="false" schemaversion="4">
<suite id="s1" name="Email" source="C:\staż\python-git\RobotFramework\email.robot">
<test id="s1-t1" name="Download Email" line="11">
<kw name="Open Mailbox" library="ImapLibrary2">
<arg>host=${IMAP host}</arg>
<arg>user=${username}</arg>
<arg>password=${password}</arg>
<arg>port=993</arg>
<doc>Open IMAP email client session to given ``host`` with given ``user`` and ``password``.</doc>
<msg timestamp="20230929 12:28:26.507" level="TRACE">Arguments: [ host='imap.wp.pl' | user='z.rybakowska8@wp.pl' | password='Robotframework' | port='993' ]</msg>
<msg timestamp="20230929 12:28:27.156" level="TRACE">Return: None</msg>
<status status="PASS" starttime="20230929 12:28:26.507" endtime="20230929 12:28:27.157"/>
</kw>
<kw name="Mark All Emails As Read" library="ImapLibrary2">
<doc>Mark all received emails as read.</doc>
<msg timestamp="20230929 12:28:27.159" level="TRACE">Arguments: [  ]</msg>
<msg timestamp="20230929 12:28:27.187" level="FAIL">error: UID command error: BAD [b'Bad value for message data item (MARKER:cas1tp6a3tpf2qgnqleh)']</msg>
<msg timestamp="20230929 12:28:27.221" level="DEBUG">Traceback (most recent call last):
  File "C:\staż\python-git\RobotFramework\my_env\Lib\site-packages\ImapLibrary2\__init__.py", line 229, in mark_all_emails_as_read
    self._imap.uid('store', mail, '+FLAGS', r'\SEEN')
  File "C:\Users\User\AppData\Local\Programs\Python\Python311\Lib\imaplib.py", line 890, in uid
    typ, dat = self._simple_command(name, command, *args)
               ^^^^^^^^^^^^^^^^^^^^^^^^^^^^^^^^^^^^^^^^^^
  File "C:\Users\User\AppData\Local\Programs\Python\Python311\Lib\imaplib.py", line 1230, in _simple_command
    return self._command_complete(name, self._command(name, *args))
           ^^^^^^^^^^^^^^^^^^^^^^^^^^^^^^^^^^^^^^^^^^^^^^^^^^^^^^^^
  File "C:\Users\User\AppData\Local\Programs\Python\Python311\Lib\imaplib.py", line 1055, in _command_complete
    raise self.error('%s command error: %s %s' % (name, typ, data))
imaplib.IMAP4.error: UID command error: BAD [b'Bad value for message data item (MARKER:cas1tp6a3tpf2qgnqleh)']</msg>
<status status="FAIL" starttime="20230929 12:28:27.159" endtime="20230929 12:28:27.221"/>
</kw>
<kw name="Get Email Count" library="ImapLibrary2">
<var>${email_count}</var>
<status status="NOT RUN" starttime="20230929 12:28:27.222" endtime="20230929 12:28:27.222"/>
</kw>
<kw name=":FOR">
<arg>${index}</arg>
<arg>IN RANGE</arg>
<arg>${email_count}</arg>
<status status="NOT RUN" starttime="20230929 12:28:27.223" endtime="20230929 12:28:27.223"/>
</kw>
<kw name="\">
<arg>${email_index}=</arg>
<arg>Evaluate</arg>
<arg>${index} + 1</arg>
<status status="NOT RUN" starttime="20230929 12:28:27.224" endtime="20230929 12:28:27.224"/>
</kw>
<kw name="\">
<arg>${email_subject}=</arg>
<arg>Get Email Header</arg>
<arg>Subject</arg>
<arg>${email_index}</arg>
<status status="NOT RUN" starttime="20230929 12:28:27.225" endtime="20230929 12:28:27.225"/>
</kw>
<kw name="\">
<status status="NOT RUN" starttime="20230929 12:28:27.226" endtime="20230929 12:28:27.226"/>
</kw>
<kw name="\">
<arg>Run Keyword If</arg>
<arg>'${email_subject}' == '${search}'</arg>
<status status="NOT RUN" starttime="20230929 12:28:27.227" endtime="20230929 12:28:27.227"/>
</kw>
<kw name="\">
<arg>\</arg>
<arg>Log</arg>
<arg>Found email with subject '${search}' at index ${email_index}</arg>
<status status="NOT RUN" starttime="20230929 12:28:27.228" endtime="20230929 12:28:27.228"/>
</kw>
<kw name="\">
<arg>\</arg>
<arg>Select Email</arg>
<arg>${email_index}</arg>
<status status="NOT RUN" starttime="20230929 12:28:27.229" endtime="20230929 12:28:27.229"/>
</kw>
<kw name="\">
<arg>\</arg>
<arg>${email_body}=</arg>
<arg>Get Email Body</arg>
<arg>plain</arg>
<status status="NOT RUN" starttime="20230929 12:28:27.231" endtime="20230929 12:28:27.231"/>
</kw>
<kw name="\">
<arg>\</arg>
<arg>${links}=</arg>
<arg>Get Links From Email</arg>
<arg>${email_body}</arg>
<status status="NOT RUN" starttime="20230929 12:28:27.233" endtime="20230929 12:28:27.234"/>
</kw>
<kw name="\">
<arg>\</arg>
<arg>Log Many</arg>
<arg>Links found:\n@{links}</arg>
<status status="NOT RUN" starttime="20230929 12:28:27.234" endtime="20230929 12:28:27.235"/>
</kw>
<kw name="\">
<arg>\</arg>
<arg>Close Mailbox</arg>
<status status="NOT RUN" starttime="20230929 12:28:27.236" endtime="20230929 12:28:27.236"/>
</kw>
<kw name="\">
<arg>\</arg>
<arg>Exit For Loop If</arg>
<arg>True</arg>
<status status="NOT RUN" starttime="20230929 12:28:27.236" endtime="20230929 12:28:27.236"/>
</kw>
<kw name="Close Mailbox" library="ImapLibrary2">
<doc>Close IMAP email client session.</doc>
<status status="NOT RUN" starttime="20230929 12:28:27.238" endtime="20230929 12:28:27.238"/>
</kw>
<status status="FAIL" starttime="20230929 12:28:26.506" endtime="20230929 12:28:27.238">error: UID command error: BAD [b'Bad value for message data item (MARKER:cas1tp6a3tpf2qgnqleh)']</status>
</test>
<status status="FAIL" starttime="20230929 12:28:26.444" endtime="20230929 12:28:27.241"/>
</suite>
<statistics>
<total>
<stat pass="0" fail="1" skip="0">All Tests</stat>
</total>
<tag>
</tag>
<suite>
<stat pass="0" fail="1" skip="0" id="s1" name="Email">Email</stat>
</suite>
</statistics>
<errors>
</errors>
</robot>
